GROUP,PACKAGE,CLASS,INSTRUCTION_MISSED,INSTRUCTION_COVERED,BRANCH_MISSED,BRANCH_COVERED,LINE_MISSED,LINE_COVERED,COMPLEXITY_MISSED,COMPLEXITY_COVERED,METHOD_MISSED,METHOD_COVERED
Appointment,org.SNHU,Task,22,73,3,7,6,22,4,10,1,8
Appointment,org.SNHU,Appointment,24,54,7,3,7,16,7,6,2,6
Appointment,org.SNHU,Contact,5,102,1,9,1,32,1,15,0,11
Appointment,org.SNHU,AppointmentService,8,22,1,1,2,6,2,3,1,3
Appointment,org.SNHU,TaskService,0,33,0,0,0,9,0,5,0,5
Appointment,org.SNHU,ContactService,17,64,6,9,3,16,6,8,0,5
